<?xml version="1.0" encoding="UTF-8"?>
<!-- Generated by org.testng.reporters.JUnitReportReporter -->
<testsuite hostname="Moni" failures="0" tests="2" name="org.maven.TestngCls" time="0.014" errors="0" timestamp="22 Oct 2021 09:06:18 GMT" skipped="0">
  <testcase classname="org.maven.TestngCls" name="logic" time="0.011"/>
  <testcase classname="org.maven.TestngCls" name="logic" time="0.003"/>
</testsuite> <!-- org.maven.TestngCls -->
