<?xml version="1.0" encoding="UTF-8"?>
<!-- Generated by org.testng.reporters.JUnitReportReporter -->
<testsuite hostname="Moni" failures="0" tests="2" name="org.maven.Cls2" time="0.005" errors="0" timestamp="23 Oct 2021 15:02:49 GMT" skipped="0">
  <testcase classname="org.maven.Cls2" name="third" time="0.003"/>
  <testcase classname="org.maven.Cls2" name="four" time="0.002"/>
</testsuite> <!-- org.maven.Cls2 -->
